<?xml version="1.0" encoding="UTF-8"?>
<!-- Generated by org.testng.reporters.JUnitReportReporter -->
<testsuite skipped="0" hostname="FG2000044297" name="com.hometown.qa.testcases.ForgotPasswordPageTest" tests="1" failures="0" timestamp="04 Aug 2018 10:54:59 GMT" time="37.827" errors="0">
  <testcase name="forgotPwdTest" time="37.827" classname="com.hometown.qa.testcases.ForgotPasswordPageTest"/>
</testsuite> <!-- com.hometown.qa.testcases.ForgotPasswordPageTest -->
