<?xml version="1.0" encoding="UTF-8"?>
<!-- Generated by org.testng.reporters.JUnitReportReporter -->
<testsuite skipped="0" hostname="FG2000044297" name="com.hometown.qa.testcases.HomePageTest" tests="1" failures="0" timestamp="04 Aug 2018 10:54:59 GMT" time="15.182" errors="0">
  <testcase name="htLogoImageTest" time="15.182" classname="com.hometown.qa.testcases.HomePageTest"/>
</testsuite> <!-- com.hometown.qa.testcases.HomePageTest -->
